[ 2026-02-23 04:15:31,634 ] 241 urllib3.connectionpool - DEBUG - Starting new HTTP connection (1): api.worldbank.org:80
[ 2026-02-23 04:15:31,833 ] 544 urllib3.connectionpool - DEBUG - http://api.worldbank.org:80 "GET /v2/countries/br;cn;us;de/indicator/SP.POP.TOTL?format=json&per_page=1000&date=2000%3A2022&page=1 HTTP/1.1" 302 143
[ 2026-02-23 04:15:31,835 ] 1049 urllib3.connectionpool - DEBUG - Starting new HTTPS connection (1): api.worldbank.org:443
[ 2026-02-23 04:15:32,393 ] 544 urllib3.connectionpool - DEBUG - https://api.worldbank.org:443 "GET /v2/countries/br;cn;us;de/indicator/SP.POP.TOTL?format=json&per_page=1000&date=2000%3A2022&page=1 HTTP/1.1" 200 None
[ 2026-02-23 04:15:32,402 ] 69 root - INFO - JSON normalized
[ 2026-02-23 04:15:32,408 ] 90 root - INFO - Data has been saved in the CSV format
[ 2026-02-23 04:15:32,414 ] 25 root - INFO - Loaded raw data from /Users/salmanahmadgill/ETL/data/raw/SP.POP.TOTL_2000_2022.csv
[ 2026-02-23 04:15:32,423 ] 57 root - INFO - Data cleaned and transformed
[ 2026-02-23 04:15:32,425 ] 75 root - INFO - Transformed data saved
[ 2026-02-23 04:15:32,426 ] 28 root - INFO - Loaded processed data from /Users/salmanahmadgill/ETL/data/processed/transformed_data.csv
[ 2026-02-23 04:15:32,435 ] 44 root - INFO - Prepared features and target
[ 2026-02-23 04:15:32,478 ] 1270 git.cmd - DEBUG - Popen(['git', 'version'], cwd=/Users/salmanahmadgill/ETL, stdin=None, shell=False, universal_newlines=False)
[ 2026-02-23 04:15:32,493 ] 1270 git.cmd - DEBUG - Popen(['git', 'version'], cwd=/Users/salmanahmadgill/ETL, stdin=None, shell=False, universal_newlines=False)
[ 2026-02-23 04:15:32,501 ] 494 git.util - DEBUG - sys.platform='darwin', git_executable='git'
[ 2026-02-23 04:15:32,502 ] 1270 git.cmd - DEBUG - Popen(['git', 'check-ignore', '/Users/salmanahmadgill/ETL/src'], cwd=/Users/salmanahmadgill/ETL, stdin=None, shell=False, universal_newlines=False)
[ 2026-02-23 04:15:32,513 ] 1270 git.cmd - DEBUG - Popen(['git', 'cat-file', '--batch-check'], cwd=/Users/salmanahmadgill/ETL, stdin=<valid stream>, shell=False, universal_newlines=False)
[ 2026-02-23 04:15:32,536 ] 241 urllib3.connectionpool - DEBUG - Starting new HTTP connection (1): localhost:5000
[ 2026-02-23 04:15:32,537 ] 521 urllib3.util.retry - DEBUG - Incremented Retry for (url='/api/2.0/mlflow/runs/create'): Retry(total=6, connect=6, read=7, redirect=7, status=7)
[ 2026-02-23 04:15:32,537 ] 868 urllib3.connectionpool - WARNING - Retrying (Retry(total=6, connect=6, read=7, redirect=7, status=7)) after connection broken by 'NewConnectionError('<urllib3.connection.HTTPConnection object at 0x11d053ed0>: Failed to establish a new connection: [Errno 61] Connection refused')': /api/2.0/mlflow/runs/create
[ 2026-02-23 04:15:32,537 ] 241 urllib3.connectionpool - DEBUG - Starting new HTTP connection (2): localhost:5000
[ 2026-02-23 04:15:32,538 ] 521 urllib3.util.retry - DEBUG - Incremented Retry for (url='/api/2.0/mlflow/runs/create'): Retry(total=5, connect=5, read=7, redirect=7, status=7)
[ 2026-02-23 04:15:36,703 ] 868 urllib3.connectionpool - WARNING - Retrying (Retry(total=5, connect=5, read=7, redirect=7, status=7)) after connection broken by 'NewConnectionError('<urllib3.connection.HTTPConnection object at 0x11d178050>: Failed to establish a new connection: [Errno 61] Connection refused')': /api/2.0/mlflow/runs/create
[ 2026-02-23 04:15:36,703 ] 241 urllib3.connectionpool - DEBUG - Starting new HTTP connection (3): localhost:5000
[ 2026-02-23 04:15:36,705 ] 521 urllib3.util.retry - DEBUG - Incremented Retry for (url='/api/2.0/mlflow/runs/create'): Retry(total=4, connect=4, read=7, redirect=7, status=7)
[ 2026-02-23 04:15:45,017 ] 868 urllib3.connectionpool - WARNING - Retrying (Retry(total=4, connect=4, read=7, redirect=7, status=7)) after connection broken by 'NewConnectionError('<urllib3.connection.HTTPConnection object at 0x11d0bec40>: Failed to establish a new connection: [Errno 61] Connection refused')': /api/2.0/mlflow/runs/create
[ 2026-02-23 04:15:45,020 ] 241 urllib3.connectionpool - DEBUG - Starting new HTTP connection (4): localhost:5000
[ 2026-02-23 04:15:45,023 ] 521 urllib3.util.retry - DEBUG - Incremented Retry for (url='/api/2.0/mlflow/runs/create'): Retry(total=3, connect=3, read=7, redirect=7, status=7)
[ 2026-02-23 04:16:01,331 ] 868 urllib3.connectionpool - WARNING - Retrying (Retry(total=3, connect=3, read=7, redirect=7, status=7)) after connection broken by 'NewConnectionError('<urllib3.connection.HTTPConnection object at 0x11d0bed70>: Failed to establish a new connection: [Errno 61] Connection refused')': /api/2.0/mlflow/runs/create
[ 2026-02-23 04:16:01,340 ] 241 urllib3.connectionpool - DEBUG - Starting new HTTP connection (5): localhost:5000
[ 2026-02-23 04:16:01,342 ] 521 urllib3.util.retry - DEBUG - Incremented Retry for (url='/api/2.0/mlflow/runs/create'): Retry(total=2, connect=2, read=7, redirect=7, status=7)
[ 2026-02-23 04:16:33,880 ] 868 urllib3.connectionpool - WARNING - Retrying (Retry(total=2, connect=2, read=7, redirect=7, status=7)) after connection broken by 'NewConnectionError('<urllib3.connection.HTTPConnection object at 0x11d0fe0f0>: Failed to establish a new connection: [Errno 61] Connection refused')': /api/2.0/mlflow/runs/create
[ 2026-02-23 04:16:33,884 ] 241 urllib3.connectionpool - DEBUG - Starting new HTTP connection (6): localhost:5000
[ 2026-02-23 04:16:33,886 ] 521 urllib3.util.retry - DEBUG - Incremented Retry for (url='/api/2.0/mlflow/runs/create'): Retry(total=1, connect=1, read=7, redirect=7, status=7)
